<testsuites id="" name="" tests="15" failures="0" skipped="15" errors="0" time="0.100043">
<testsuite name="e2e/furniture/tender/tender-dashboard.e2e.spec.ts" timestamp="2025-09-12T11:06:27.174Z" hostname="chromium" tests="1" failures="0" skipped="1" time="0" errors="0">
<testcase name="Furniture Tender - Dashboard @smoke › loads dashboard and shows tenders list" classname="e2e/furniture/tender/tender-dashboard.e2e.spec.ts" time="0">
<skipped>
</skipped>
</testcase>
</testsuite>
<testsuite name="e2e/furniture/tender/tender-documents.e2e.spec.ts" timestamp="2025-09-12T11:06:27.174Z" hostname="chromium" tests="1" failures="0" skipped="1" time="0" errors="0">
<testcase name="Furniture Tender - Documents @smoke › loads documents page and shows mock documents" classname="e2e/furniture/tender/tender-documents.e2e.spec.ts" time="0">
<skipped>
</skipped>
</testcase>
</testsuite>
<testsuite name="e2e/furniture/tender/tender-new-form.e2e.spec.ts" timestamp="2025-09-12T11:06:27.174Z" hostname="chromium" tests="1" failures="0" skipped="1" time="0" errors="0">
<testcase name="Furniture Tender - New Tender Form @smoke › validates fields and handles mock-mode error gracefully" classname="e2e/furniture/tender/tender-new-form.e2e.spec.ts" time="0">
<skipped>
</skipped>
</testcase>
</testsuite>
<testsuite name="e2e/furniture/tender/tender-dashboard.e2e.spec.ts" timestamp="2025-09-12T11:06:27.174Z" hostname="firefox" tests="1" failures="0" skipped="1" time="0" errors="0">
<testcase name="Furniture Tender - Dashboard @smoke › loads dashboard and shows tenders list" classname="e2e/furniture/tender/tender-dashboard.e2e.spec.ts" time="0">
<skipped>
</skipped>
</testcase>
</testsuite>
<testsuite name="e2e/furniture/tender/tender-documents.e2e.spec.ts" timestamp="2025-09-12T11:06:27.174Z" hostname="firefox" tests="1" failures="0" skipped="1" time="0" errors="0">
<testcase name="Furniture Tender - Documents @smoke › loads documents page and shows mock documents" classname="e2e/furniture/tender/tender-documents.e2e.spec.ts" time="0">
<skipped>
</skipped>
</testcase>
</testsuite>
<testsuite name="e2e/furniture/tender/tender-new-form.e2e.spec.ts" timestamp="2025-09-12T11:06:27.174Z" hostname="firefox" tests="1" failures="0" skipped="1" time="0" errors="0">
<testcase name="Furniture Tender - New Tender Form @smoke › validates fields and handles mock-mode error gracefully" classname="e2e/furniture/tender/tender-new-form.e2e.spec.ts" time="0">
<skipped>
</skipped>
</testcase>
</testsuite>
<testsuite name="e2e/furniture/tender/tender-dashboard.e2e.spec.ts" timestamp="2025-09-12T11:06:27.174Z" hostname="webkit" tests="1" failures="0" skipped="1" time="0" errors="0">
<testcase name="Furniture Tender - Dashboard @smoke › loads dashboard and shows tenders list" classname="e2e/furniture/tender/tender-dashboard.e2e.spec.ts" time="0">
<skipped>
</skipped>
</testcase>
</testsuite>
<testsuite name="e2e/furniture/tender/tender-documents.e2e.spec.ts" timestamp="2025-09-12T11:06:27.174Z" hostname="webkit" tests="1" failures="0" skipped="1" time="0" errors="0">
<testcase name="Furniture Tender - Documents @smoke › loads documents page and shows mock documents" classname="e2e/furniture/tender/tender-documents.e2e.spec.ts" time="0">
<skipped>
</skipped>
</testcase>
</testsuite>
<testsuite name="e2e/furniture/tender/tender-new-form.e2e.spec.ts" timestamp="2025-09-12T11:06:27.174Z" hostname="webkit" tests="1" failures="0" skipped="1" time="0" errors="0">
<testcase name="Furniture Tender - New Tender Form @smoke › validates fields and handles mock-mode error gracefully" classname="e2e/furniture/tender/tender-new-form.e2e.spec.ts" time="0">
<skipped>
</skipped>
</testcase>
</testsuite>
<testsuite name="e2e/furniture/tender/tender-dashboard.e2e.spec.ts" timestamp="2025-09-12T11:06:27.174Z" hostname="Mobile Chrome" tests="1" failures="0" skipped="1" time="0" errors="0">
<testcase name="Furniture Tender - Dashboard @smoke › loads dashboard and shows tenders list" classname="e2e/furniture/tender/tender-dashboard.e2e.spec.ts" time="0">
<skipped>
</skipped>
</testcase>
</testsuite>
<testsuite name="e2e/furniture/tender/tender-documents.e2e.spec.ts" timestamp="2025-09-12T11:06:27.174Z" hostname="Mobile Chrome" tests="1" failures="0" skipped="1" time="0" errors="0">
<testcase name="Furniture Tender - Documents @smoke › loads documents page and shows mock documents" classname="e2e/furniture/tender/tender-documents.e2e.spec.ts" time="0">
<skipped>
</skipped>
</testcase>
</testsuite>
<testsuite name="e2e/furniture/tender/tender-new-form.e2e.spec.ts" timestamp="2025-09-12T11:06:27.174Z" hostname="Mobile Chrome" tests="1" failures="0" skipped="1" time="0" errors="0">
<testcase name="Furniture Tender - New Tender Form @smoke › validates fields and handles mock-mode error gracefully" classname="e2e/furniture/tender/tender-new-form.e2e.spec.ts" time="0">
<skipped>
</skipped>
</testcase>
</testsuite>
<testsuite name="e2e/furniture/tender/tender-dashboard.e2e.spec.ts" timestamp="2025-09-12T11:06:27.174Z" hostname="Mobile Safari" tests="1" failures="0" skipped="1" time="0" errors="0">
<testcase name="Furniture Tender - Dashboard @smoke › loads dashboard and shows tenders list" classname="e2e/furniture/tender/tender-dashboard.e2e.spec.ts" time="0">
<skipped>
</skipped>
</testcase>
</testsuite>
<testsuite name="e2e/furniture/tender/tender-documents.e2e.spec.ts" timestamp="2025-09-12T11:06:27.174Z" hostname="Mobile Safari" tests="1" failures="0" skipped="1" time="0" errors="0">
<testcase name="Furniture Tender - Documents @smoke › loads documents page and shows mock documents" classname="e2e/furniture/tender/tender-documents.e2e.spec.ts" time="0">
<skipped>
</skipped>
</testcase>
</testsuite>
<testsuite name="e2e/furniture/tender/tender-new-form.e2e.spec.ts" timestamp="2025-09-12T11:06:27.174Z" hostname="Mobile Safari" tests="1" failures="0" skipped="1" time="0" errors="0">
<testcase name="Furniture Tender - New Tender Form @smoke › validates fields and handles mock-mode error gracefully" classname="e2e/furniture/tender/tender-new-form.e2e.spec.ts" time="0">
<skipped>
</skipped>
</testcase>
</testsuite>
</testsuites>